This is pdfTeX, Version 3.14159265-2.6-1.40.20 (TeX Live 2019/Debian) (preloaded format=pdflatex 2026.5.19)  23 JUN 2026 22:21
entering extended mode
 restricted \write18 enabled.
 %&-line parsing enabled.
**report.tex
(./report.tex
LaTeX2e <2020-02-02> patch level 2
L3 programming layer <2020-02-14>
(/usr/share/texlive/texmf-dist/tex/latex/base/article.cls
Document Class: article 2019/12/20 v1.4l Standard LaTeX document class
(/usr/share/texlive/texmf-dist/tex/latex/base/size11.clo
File: size11.clo 2019/12/20 v1.4l Standard LaTeX file (size option)
)
\c@part=\count167
\c@section=\count168
\c@subsection=\count169
\c@subsubsection=\count170
\c@paragraph=\count171
\c@subparagraph=\count172
\c@figure=\count173
\c@table=\count174
\abovecaptionskip=\skip47
\belowcaptionskip=\skip48
\bibindent=\dimen134
)
(/usr/share/texlive/texmf-dist/tex/latex/geometry/geometry.sty
Package: geometry 2020/01/02 v5.9 Page Geometry

(/usr/share/texlive/texmf-dist/tex/latex/graphics/keyval.sty
Package: keyval 2014/10/28 v1.15 key=value parser (DPC)
\KV@toks@=\toks14
)
(/usr/share/texlive/texmf-dist/tex/generic/iftex/ifvtex.sty
Package: ifvtex 2019/10/25 v1.7 ifvtex legacy package. Use iftex instead.

(/usr/share/texlive/texmf-dist/tex/generic/iftex/iftex.sty
Package: iftex 2019/11/07 v1.0c TeX engine tests
))
\Gm@cnth=\count175
\Gm@cntv=\count176
\c@Gm@tempcnt=\count177
\Gm@bindingoffset=\dimen135
\Gm@wd@mp=\dimen136
\Gm@odd@mp=\dimen137
\Gm@even@mp=\dimen138
\Gm@layoutwidth=\dimen139
\Gm@layoutheight=\dimen140
\Gm@layouthoffset=\dimen141
\Gm@layoutvoffset=\dimen142
\Gm@dimlist=\toks15
)
(/usr/share/texlive/texmf-dist/tex/latex/base/fontenc.sty
Package: fontenc 2020/02/11 v2.0o Standard LaTeX package
)
(/home/aggelos/texmf/tex/latex/libertinus-type1/libertinus-type1.sty
Package: libertinus-type1 2025/11/17 (Bob Tennent) Supports libertinus fonts fo
r latex/pdflatex.

(/usr/share/texlive/texmf-dist/tex/generic/iftex/ifxetex.sty
Package: ifxetex 2019/10/25 v0.7 ifxetex legacy package. Use iftex instead.
)
(/usr/share/texlive/texmf-dist/tex/generic/iftex/ifluatex.sty
Package: ifluatex 2019/10/25 v1.5 ifluatex legacy package. Use iftex instead.
)
(/home/aggelos/texmf/tex/latex/xkeyval/xkeyval.sty
Package: xkeyval 2014/12/03 v2.7a package option processing (HA)

(/home/aggelos/texmf/tex/generic/xkeyval/xkeyval.tex
(/home/aggelos/texmf/tex/generic/xkeyval/xkvutils.tex
\XKV@toks=\toks16
\XKV@tempa@toks=\toks17
)
\XKV@depth=\count178
File: xkeyval.tex 2014/12/03 v2.7a key=value parser (HA)
))
(/usr/share/texlive/texmf-dist/tex/latex/base/textcomp.sty
Package: textcomp 2020/02/02 v2.0n Standard LaTeX package
)
(/usr/share/texlive/texmf-dist/tex/latex/base/fontenc.sty
Package: fontenc 2020/02/11 v2.0o Standard LaTeX package
)
(/home/aggelos/texmf/tex/latex/fontaxes/fontaxes.sty
Package: fontaxes 2014/03/23 v1.0d Font selection axes
LaTeX Info: Redefining \upshape on input line 29.
LaTeX Info: Redefining \itshape on input line 31.
LaTeX Info: Redefining \slshape on input line 33.
LaTeX Info: Redefining \swshape on input line 35.
LaTeX Info: Redefining \scshape on input line 37.
LaTeX Info: Redefining \sscshape on input line 39.
LaTeX Info: Redefining \ulcshape on input line 41.
LaTeX Info: Redefining \textsw on input line 47.
LaTeX Info: Redefining \textssc on input line 48.
LaTeX Info: Redefining \textulc on input line 49.
))
(/usr/share/texlive/texmf-dist/tex/latex/fancyhdr/fancyhdr.sty
Package: fancyhdr 2019/01/31 v3.10 Extensive control of page headers and footer
s
\f@nch@headwidth=\skip49
\f@nch@O@elh=\skip50
\f@nch@O@erh=\skip51
\f@nch@O@olh=\skip52
\f@nch@O@orh=\skip53
\f@nch@O@elf=\skip54
\f@nch@O@erf=\skip55
\f@nch@O@olf=\skip56
\f@nch@O@orf=\skip57
)
(/usr/share/texlive/texmf-dist/tex/latex/url/url.sty
\Urlmuskip=\muskip16
Package: url 2013/09/16  ver 3.4  Verb mode for urls, etc.
)
(/usr/share/texlive/texmf-dist/tex/latex/graphics/graphicx.sty
Package: graphicx 2019/11/30 v1.2a Enhanced LaTeX Graphics (DPC,SPQR)

(/usr/share/texlive/texmf-dist/tex/latex/graphics/graphics.sty
Package: graphics 2019/11/30 v1.4a Standard LaTeX Graphics (DPC,SPQR)

(/usr/share/texlive/texmf-dist/tex/latex/graphics/trig.sty
Package: trig 2016/01/03 v1.10 sin cos tan (DPC)
)
(/usr/share/texlive/texmf-dist/tex/latex/graphics-cfg/graphics.cfg
File: graphics.cfg 2016/06/04 v1.11 sample graphics configuration
)
Package graphics Info: Driver file: pdftex.def on input line 105.

(/usr/share/texlive/texmf-dist/tex/latex/graphics-def/pdftex.def
File: pdftex.def 2018/01/08 v1.0l Graphics/color driver for pdftex
))
\Gin@req@height=\dimen143
\Gin@req@width=\dimen144
)
\paperfigurewidth=\skip58
\paperfigureheight=\skip59

(/usr/share/texlive/texmf-dist/tex/latex/l3backend/l3backend-pdfmode.def
File: l3backend-pdfmode.def 2020-02-03 L3 backend support: PDF mode
\l__kernel_color_stack_int=\count179
\l__pdf_internal_box=\box45
)
(./report.aux)
\openout1 = `report.aux'.

LaTeX Font Info:    Checking defaults for OML/cmm/m/it on input line 73.
LaTeX Font Info:    ... okay on input line 73.
LaTeX Font Info:    Checking defaults for OMS/cmsy/m/n on input line 73.
LaTeX Font Info:    ... okay on input line 73.
LaTeX Font Info:    Checking defaults for OT1/cmr/m/n on input line 73.
LaTeX Font Info:    ... okay on input line 73.
LaTeX Font Info:    Checking defaults for T1/cmr/m/n on input line 73.
LaTeX Font Info:    ... okay on input line 73.
LaTeX Font Info:    Checking defaults for TS1/cmr/m/n on input line 73.
LaTeX Font Info:    ... okay on input line 73.
LaTeX Font Info:    Checking defaults for OMX/cmex/m/n on input line 73.
LaTeX Font Info:    ... okay on input line 73.
LaTeX Font Info:    Checking defaults for U/cmr/m/n on input line 73.
LaTeX Font Info:    ... okay on input line 73.
LaTeX Font Info:    Trying to load font information for T1+LibertinusSerif-TLF 
on input line 73.

(/home/aggelos/texmf/tex/latex/libertinus-type1/T1LibertinusSerif-TLF.fd
File: T1LibertinusSerif-TLF.fd 2024/09/22 (autoinst) Font definitions for T1/Li
bertinusSerif-TLF.
)
LaTeX Font Info:    Font shape `T1/LibertinusSerif-TLF/m/n' will be
(Font)              scaled to size 10.95pt on input line 73.

*geometry* driver: auto-detecting
*geometry* detected driver: pdftex
*geometry* verbose mode - [ preamble ] result:
* driver: pdftex
* paper: a4paper
* layout: <same size as paper>
* layoutoffset:(h,v)=(0.0pt,0.0pt)
* modes: 
* h-part:(L,W,R)=(113.81102pt, 369.88583pt, 113.81102pt)
* v-part:(T,H,B)=(113.81102pt, 617.4248pt, 113.81102pt)
* \paperwidth=597.50787pt
* \paperheight=845.04684pt
* \textwidth=369.88583pt
* \textheight=617.4248pt
* \oddsidemargin=41.54103pt
* \evensidemargin=41.54103pt
* \topmargin=4.54103pt
* \headheight=12.0pt
* \headsep=25.0pt
* \topskip=11.0pt
* \footskip=34.14322pt
* \marginparwidth=59.0pt
* \marginparsep=10.0pt
* \columnsep=10.0pt
* \skip\footins=10.0pt plus 4.0pt minus 2.0pt
* \hoffset=0.0pt
* \voffset=0.0pt
* \mag=1000
* \@twocolumnfalse
* \@twosidefalse
* \@mparswitchfalse
* \@reversemarginfalse
* (1in=72.27pt=25.4mm, 1cm=28.453pt)

\c@mv@tabular=\count180
\c@mv@boldtabular=\count181
(/usr/share/texlive/texmf-dist/tex/context/base/mkii/supp-pdf.mkii
[Loading MPS to PDF converter (version 2006.09.02).]
\scratchcounter=\count182
\scratchdimen=\dimen145
\scratchbox=\box46
\nofMPsegments=\count183
\nofMParguments=\count184
\everyMPshowfont=\toks18
\MPscratchCnt=\count185
\MPscratchDim=\dimen146
\MPnumerator=\count186
\makeMPintoPDFobject=\count187
\everyMPtoPDFconversion=\toks19
) (/usr/share/texlive/texmf-dist/tex/latex/epstopdf-pkg/epstopdf-base.sty
Package: epstopdf-base 2020-01-24 v2.11 Base part for package epstopdf
Package epstopdf-base Info: Redefining graphics rule for `.eps' on input line 4
85.

(/usr/share/texlive/texmf-dist/tex/latex/latexconfig/epstopdf-sys.cfg
File: epstopdf-sys.cfg 2010/07/13 v1.3 Configuration of (r)epstopdf for TeX Liv
e
))
LaTeX Font Info:    Font shape `T1/LibertinusSerif-TLF/m/n' will be
(Font)              scaled to size 20.74pt on input line 76.
LaTeX Font Info:    Font shape `T1/LibertinusSerif-TLF/b/n' will be
(Font)              scaled to size 20.74pt on input line 76.
LaTeX Font Info:    Font shape `T1/LibertinusSerif-TLF/m/n' will be
(Font)              scaled to size 14.4pt on input line 78.
LaTeX Font Info:    External font `cmex10' loaded for size
(Font)              <10.95> on input line 81.
LaTeX Font Info:    External font `cmex10' loaded for size
(Font)              <8> on input line 81.
LaTeX Font Info:    External font `cmex10' loaded for size
(Font)              <6> on input line 81.

(./sections/abstract.tex
LaTeX Font Info:    Font shape `T1/LibertinusSerif-TLF/m/n' will be
(Font)              scaled to size 10.0pt on input line 1.
LaTeX Font Info:    Font shape `T1/LibertinusSerif-TLF/b/n' will be
(Font)              scaled to size 10.0pt on input line 1.
) (./sections/introduction.tex
LaTeX Font Info:    Font shape `T1/LibertinusSerif-TLF/b/n' will be
(Font)              scaled to size 14.4pt on input line 1.
LaTeX Font Info:    Trying to load font information for T1+LibertinusMono-TLF o
n input line 8.

(/home/aggelos/texmf/tex/latex/libertinus-type1/T1LibertinusMono-TLF.fd
File: T1LibertinusMono-TLF.fd 2025/01/11 (autoinst) Font definitions for T1/Lib
ertinusMono-TLF.
)
LaTeX Font Info:    Font shape `T1/LibertinusMono-TLF/m/n' will be
(Font)              scaled to size 9.30756pt on input line 8.

[1

{/home/aggelos/.texlive2019/texmf-var/fonts/map/pdftex/updmap/pdftex.map}])
(./sections/background.tex
LaTeX Font Info:    Font shape `T1/LibertinusSerif-TLF/m/n' will be
(Font)              scaled to size 13.0pt on input line 6.
LaTeX Font Info:    Font shape `T1/LibertinusSerif-TLF/b/n' will be
(Font)              scaled to size 13.0pt on input line 6.
 [2]
<figures/figure1.png, id=12, 361.35pt x 283.0575pt>
File: figures/figure1.png Graphic file (type png)
<use figures/figure1.png>
Package pdftex.def Info: figures/figure1.png  used on input line 14.
(pdftex.def)             Requested size: 220.69887pt x 172.88077pt.
 [3 <./figures/figure1.png>]
<figures/figure2.png, id=18, 358.33875pt x 134.00063pt>
File: figures/figure2.png Graphic file (type png)
<use figures/figure2.png>
Package pdftex.def Info: figures/figure2.png  used on input line 27.
(pdftex.def)             Requested size: 295.22302pt x 110.3985pt.
 [4 <./figures/figure2.png>]
LaTeX Font Info:    Font shape `T1/LibertinusSerif-TLF/b/n' will be
(Font)              scaled to size 10.95pt on input line 41.
<figures/figure3.png, id=23, 359.09157pt x 195.73125pt>
File: figures/figure3.png Graphic file (type png)
<use figures/figure3.png>
Package pdftex.def Info: figures/figure3.png  used on input line 48.
(pdftex.def)             Requested size: 295.22408pt x 160.91878pt.
 [5 <./figures/figure3.png>]
<figures/figure4.png, id=28, 727.21687pt x 546.54187pt>
File: figures/figure4.png Graphic file (type png)
<use figures/figure4.png>
Package pdftex.def Info: figures/figure4.png  used on input line 59.
(pdftex.def)             Requested size: 230.02881pt x 172.8788pt.
 [6 <./figures/figure4.png>] [7]
<figures/figure5.png, id=37, 357.58594pt x 131.74219pt>
File: figures/figure5.png Graphic file (type png)
<use figures/figure5.png>
Package pdftex.def Info: figures/figure5.png  used on input line 88.
(pdftex.def)             Requested size: 295.21936pt x 108.76501pt.

Underfull \hbox (badness 2080) in paragraph at lines 98--99
[]\T1/LibertinusSerif-TLF/m/n/10.95 Unlike atomic classes such as \T1/Libertinu
sMono-TLF/m/n/10.95 AtomicInteger \T1/LibertinusSerif-TLF/m/n/10.95 or \T1/Libe
rtinusMono-TLF/m/n/10.95 AtomicReference\T1/LibertinusSerif-TLF/m/n/10.95 , a
 []

<figures/figure6.png, id=38, 504.38437pt x 249.93375pt>
File: figures/figure6.png Graphic file (type png)
<use figures/figure6.png>
Package pdftex.def Info: figures/figure6.png  used on input line 100.
(pdftex.def)             Requested size: 295.20604pt x 146.2812pt.
[8 <./figures/figure5.png>]
<figures/figure7.png, id=43, 386.94562pt x 134.00063pt>
File: figures/figure7.png Graphic file (type png)
<use figures/figure7.png>
Package pdftex.def Info: figures/figure7.png  used on input line 102.
(pdftex.def)             Requested size: 295.20354pt x 102.23pt.
<figures/figure8.png, id=44, 313.17pt x 106.14656pt>
File: figures/figure8.png Graphic file (type png)
<use figures/figure8.png>
Package pdftex.def Info: figures/figure8.png  used on input line 113.
(pdftex.def)             Requested size: 295.2113pt x 100.0596pt.
 [9 <./figures/figure6.png> <./figures/figure7.png>]
<figures/figure9.png, id=50, 259.7203pt x 96.36pt>
File: figures/figure9.png Graphic file (type png)
<use figures/figure9.png>
Package pdftex.def Info: figures/figure9.png  used on input line 117.
(pdftex.def)             Requested size: 295.20047pt x 109.52362pt.
[10 <./figures/figure8.png> <./figures/figure9.png>]
<figures/figure10.png, id=56, 293.59688pt x 149.8097pt>
File: figures/figure10.png Graphic file (type png)
<use figures/figure10.png>
Package pdftex.def Info: figures/figure10.png  used on input line 131.
(pdftex.def)             Requested size: 295.20444pt x 150.62994pt.
<figures/figure11.png, id=57, 277.035pt x 97.11281pt>
File: figures/figure11.png Graphic file (type png)
<use figures/figure11.png>
Package pdftex.def Info: figures/figure11.png  used on input line 139.
(pdftex.def)             Requested size: 295.20285pt x 103.48141pt.
 [11 <./figures/figure10.png> <./figures/figure11.png>]
<figures/figure12.png, id=63, 566.115pt x 226.59656pt>
File: figures/figure12.png Graphic file (type png)
<use figures/figure12.png>
Package pdftex.def Info: figures/figure12.png  used on input line 147.
(pdftex.def)             Requested size: 295.21075pt x 118.16281pt.
<figures/figure13.png, id=64, 259.7203pt x 96.36pt>
File: figures/figure13.png Graphic file (type png)
<use figures/figure13.png>
Package pdftex.def Info: figures/figure13.png  used on input line 157.
(pdftex.def)             Requested size: 295.20047pt x 109.52362pt.
 [12 <./figures/figure12.png> <./figures/figure13.png>]
<figures/figure14.png, id=70, 276.28218pt x 79.04532pt>
File: figures/figure14.png Graphic file (type png)
<use figures/figure14.png>
Package pdftex.def Info: figures/figure14.png  used on input line 171.
(pdftex.def)             Requested size: 295.20164pt x 84.45822pt.
) (./sections/implementation.tex [13 <./figures/figure14.png>] [14]
<figures/figure15.png, id=79, 432.11438pt x 389.20406pt>
File: figures/figure15.png Graphic file (type png)
<use figures/figure15.png>
Package pdftex.def Info: figures/figure15.png  used on input line 19.
(pdftex.def)             Requested size: 191.94412pt x 172.88347pt.
LaTeX Font Info:    Font shape `T1/LibertinusMono-TLF/m/n' will be
(Font)              scaled to size 8.50006pt on input line 19.

Underfull \hbox (badness 1484) in paragraph at lines 23--24
[]\T1/LibertinusSerif-TLF/m/n/10.95 In \T1/LibertinusMono-TLF/m/n/10.95 poll\T1
/LibertinusSerif-TLF/m/n/10.95 , the method re-peat-edly reads \T1/LibertinusMo
no-TLF/m/n/10.95 head\T1/LibertinusSerif-TLF/m/n/10.95 , \T1/LibertinusMono-TLF
/m/n/10.95 tail\T1/LibertinusSerif-TLF/m/n/10.95 , and \T1/LibertinusMono-TLF/m
/n/10.95 head.next\T1/LibertinusSerif-TLF/m/n/10.95 . If
 []

<figures/figure16.png, id=80, 402.75468pt x 474.27188pt>
File: figures/figure16.png Graphic file (type png)
<use figures/figure16.png>
Package pdftex.def Info: figures/figure16.png  used on input line 25.
(pdftex.def)             Requested size: 146.81064pt x 172.87984pt.
[15 <./figures/figure15.png> <./figures/figure16.png>]
LaTeX Font Info:    Trying to load font information for TS1+LibertinusSerif-TLF
 on input line 32.

(/home/aggelos/texmf/tex/latex/libertinus-type1/TS1LibertinusSerif-TLF.fd
File: TS1LibertinusSerif-TLF.fd 2024/09/22 (autoinst) Font definitions for TS1/
LibertinusSerif-TLF.
)
LaTeX Font Info:    Font shape `TS1/LibertinusSerif-TLF/m/n' will be
(Font)              scaled to size 10.95pt on input line 32.

[16] [17]
<figures/figure17.png, id=93, 496.85625pt x 351.56343pt>
File: figures/figure17.png Graphic file (type png)
<use figures/figure17.png>
Package pdftex.def Info: figures/figure17.png  used on input line 67.
(pdftex.def)             Requested size: 244.31839pt x 172.87376pt.
 [18 <./figures/figure17.png>]
<figures/figure18.png, id=98, 493.845pt x 439.6425pt>
File: figures/figure18.png Graphic file (type png)
<use figures/figure18.png>
Package pdftex.def Info: figures/figure18.png  used on input line 75.
(pdftex.def)             Requested size: 194.18875pt x 172.87535pt.

Underfull \hbox (badness 2512) in paragraph at lines 81--82
[]\T1/LibertinusSerif-TLF/m/n/10.95 The meth-ods \T1/LibertinusMono-TLF/m/n/10.
95 peek\T1/LibertinusSerif-TLF/m/n/10.95 , \T1/LibertinusMono-TLF/m/n/10.95 con
tains\T1/LibertinusSerif-TLF/m/n/10.95 , \T1/LibertinusMono-TLF/m/n/10.95 remov
e\T1/LibertinusSerif-TLF/m/n/10.95 , \T1/LibertinusMono-TLF/m/n/10.95 iterator\
T1/LibertinusSerif-TLF/m/n/10.95 , \T1/LibertinusMono-TLF/m/n/10.95 spliterator
\T1/LibertinusSerif-TLF/m/n/10.95 , and
 []


Underfull \hbox (badness 1024) in paragraph at lines 81--82
\T1/LibertinusMono-TLF/m/n/10.95 toArray \T1/LibertinusSerif-TLF/m/n/10.95 are 
also im-ple-mented, so the cus-tom queue ex-poses the same API
 []

) (./sections/evaluation.tex [19 <./figures/figure18.png>])
(./sections/conclusion.tex) (./sections/references.tex
LaTeX Font Info:    Font shape `T1/LibertinusSerif-TLF/m/it' will be
(Font)              scaled to size 10.95pt on input line 5.

Underfull \hbox (badness 10000) in paragraph at lines 33--36
[]\T1/LibertinusSerif-TLF/m/n/10.95 Oracle. \T1/LibertinusSerif-TLF/m/it/10.95 
Con-cur-rentLinkedQueue (Java Plat-form SE 8)\T1/LibertinusSerif-TLF/m/n/10.95 
. $\T1/LibertinusMono-TLF/m/n/10.95 https : / /
 []


Underfull \hbox (badness 10000) in paragraph at lines 33--36
\T1/LibertinusMono-TLF/m/n/10.95 docs . oracle . com / javase / 8 / docs / api 
/ java / util / concurrent /
 []

) [20] (./report.aux) ) 
Here is how much of TeX's memory you used:
 2924 strings out of 483183
 47379 string characters out of 5966292
 275817 words of memory out of 5000000
 17862 multiletter control sequences out of 15000+600000
 594258 words of font info for 60 fonts, out of 8000000 for 9000
 14 hyphenation exceptions out of 8191
 30i,11n,45p,786b,320s stack positions out of 5000i,500n,10000p,200000b,80000s
{/home/aggelos/texmf/fonts/enc/dvips/libertinus-type1/lb
n1_sncvby.enc}{/home/aggelos/texmf/fonts/enc/dvips/libertinus-type1/lbn1_rlktsf
.enc}{/home/aggelos/texmf/fonts/enc/dvips/libertinus-type1/lbn1_or3pzs.enc}{/ho
me/aggelos/texmf/fonts/enc/dvips/libertinus-type1/lbn1_75t36g.enc}{/home/aggelo
s/texmf/fonts/enc/dvips/libertinus-type1/lbn1_sfissr.enc}</home/aggelos/texmf/f
onts/type1/public/libertinus-type1/LibertinusMono-Regular.pfb></home/aggelos/te
xmf/fonts/type1/public/libertinus-type1/LibertinusSerif-Bold.pfb></home/aggelos
/texmf/fonts/type1/public/libertinus-type1/LibertinusSerif-Italic.pfb></home/ag
gelos/texmf/fonts/type1/public/libertinus-type1/LibertinusSerif-Regular.pfb>
Output written on report.pdf (20 pages, 1136086 bytes).
PDF statistics:
 129 PDF objects out of 1000 (max. 8388607)
 66 compressed objects within 1 object stream
 0 named destinations out of 1000 (max. 500000)
 91 words of extra memory for PDF output out of 10000 (max. 10000000)

